<?xml version="1.0" encoding="UTF-8"?>
<testng-results skipped="0" failed="0" ignored="0" total="1" passed="1">
  <reporter-output>
  </reporter-output>
  <suite name="Default suite" duration-ms="19498" started-at="2018-12-30T14:49:44Z" finished-at="2018-12-30T14:50:04Z">
    <groups>
    </groups>
    <test name="Default test" duration-ms="19498" started-at="2018-12-30T14:49:44Z" finished-at="2018-12-30T14:50:04Z">
      <class name="pageTest.AboutUsPageTest">
        <test-method status="PASS" signature="browser()[pri:0, instance:pageTest.AboutUsPageTest@338fc1d8]" name="browser" is-config="true" duration-ms="32" started-at="2018-12-30T14:49:44Z" finished-at="2018-12-30T14:49:44Z">
          <reporter-output>
          </reporter-output>
        </test-method> <!-- browser -->
        <test-method status="PASS" signature="aboutUs()[pri:0, instance:pageTest.AboutUsPageTest@338fc1d8]" name="aboutUs" duration-ms="18515" started-at="2018-12-30T14:49:44Z" finished-at="2018-12-30T14:50:03Z">
          <reporter-output>
          </reporter-output>
        </test-method> <!-- aboutUs -->
        <test-method status="PASS" signature="quit()[pri:0, instance:pageTest.AboutUsPageTest@338fc1d8]" name="quit" is-config="true" duration-ms="905" started-at="2018-12-30T14:50:03Z" finished-at="2018-12-30T14:50:04Z">
          <reporter-output>
          </reporter-output>
        </test-method> <!-- quit -->
      </class> <!-- pageTest.AboutUsPageTest -->
    </test> <!-- Default test -->
  </suite> <!-- Default suite -->
</testng-results>
